mode: set
geektrust/functions/AllotmentFunction.go:11.55,14.53 2 1
geektrust/functions/AllotmentFunction.go:14.53,16.3 1 1
geektrust/functions/AllotmentFunction.go:16.8,17.45 1 0
geektrust/functions/AllotmentFunction.go:20.3,20.28 1 0
geektrust/functions/AllotmentFunction.go:31.3,31.16 1 0
geektrust/functions/AllotmentFunction.go:17.45,19.4 1 0
geektrust/functions/AllotmentFunction.go:20.28,21.28 1 0
geektrust/functions/AllotmentFunction.go:21.28,22.77 1 0
geektrust/functions/AllotmentFunction.go:28.5,28.169 1 0
geektrust/functions/AllotmentFunction.go:22.77,24.6 1 0
geektrust/functions/AllotmentFunction.go:24.11,26.6 1 0
geektrust/functions/CourseFunction.go:11.33,16.2 3 1
geektrust/functions/CourseFunction.go:18.40,20.2 1 1
geektrust/functions/CourseFunction.go:22.37,24.2 1 1
geektrust/functions/CourseFunction.go:26.48,27.50 1 1
geektrust/functions/CourseFunction.go:27.50,29.37 2 0
geektrust/functions/CourseFunction.go:29.37,31.4 1 0
geektrust/functions/CourseFunction.go:35.71,36.31 1 0
geektrust/functions/CourseFunction.go:55.2,55.33 1 0
geektrust/functions/CourseFunction.go:36.31,37.78 1 0
geektrust/functions/CourseFunction.go:37.78,39.30 2 0
geektrust/functions/CourseFunction.go:39.30,40.58 1 0
geektrust/functions/CourseFunction.go:40.58,42.35 2 0
geektrust/functions/CourseFunction.go:42.35,46.7 3 0
geektrust/functions/CourseFunction.go:46.12,50.7 3 0
geektrust/functions/CourseFunction.go:58.51,64.47 5 0
geektrust/functions/CourseFunction.go:87.2,90.24 4 0
geektrust/functions/CourseFunction.go:64.47,67.3 2 0
geektrust/functions/CourseFunction.go:67.8,70.28 2 0
geektrust/functions/CourseFunction.go:75.3,85.4 2 0
geektrust/functions/CourseFunction.go:70.28,72.4 1 0
geektrust/functions/CourseFunction.go:72.9,72.34 1 0
geektrust/functions/CourseFunction.go:72.34,74.4 1 0
geektrust/functions/CourseFunction.go:90.24,92.3 1 0
geektrust/functions/CourseFunction.go:92.8,94.3 1 0
